0.0476638
0.383046
0.0926663 0.121603 0.177685 0.0333158 0.0939697 0 0 0 0 0 -0.090533 0.126475 0.00422226 0.035971 0.0992612 0.0659744 -1.73423 0.166449 0.222429 0.0660624 -1.37922 0.371314 0.259035 0.377061 0.139689 0.208409 0.196729 -0.081731 0.15418 0.133244 0.163941 0.132954 0.0368187 0 0.783274 0 0.433886 0.383942 -0.474654 0.382782 0.0413213 0.0425403 0.644641 0.259546 0.222781 0 3.84459 
105.598
-1.29549
0.22328 0.293002 0.428131 0.0802745 0.22642 0 0 0 0 0 0.143069 0.304741 0.375141 0.0866722 0.23917 0.158965 -0.565879 0.401058 0.535942 0.159177 0.142803 0.894682 0.864914 0.90853 0.336582 0.502162 0.474018 0.332155 0.371498 0.321053 0.395017 0.320352 0.0887148 0 0.382097 0 1.04545 0.925109 0.523601 0.922314 0.0995636 0.102501 0.334462 0.625377 0.536791 0 2.79739 
273.646
-1.41195
0.237966 0.312274 0.456291 0.0855546 0.241313 0 0 0 0 0 0.169335 0.324786 0.416848 0.0923731 0.254901 0.169421 -0.434508 0.427438 0.571194 0.169647 0.313942 0.95353 0.933039 0.968288 0.358721 0.535191 0.505197 0.378693 0.395933 0.34217 0.420999 0.341423 0.09455 0 0.336989 0 1.11421 0.985958 0.635846 0.98298 0.106112 0.109243 0.299585 0.666511 0.572099 0 2.67964 
355.74
-1.46145
0.24737 0.324615 0.474323 0.0889356 0.250849 0 0 0 0 0 0.186154 0.337621 0.443554 0.0960236 0.264975 0.176117 -0.350388 0.444329 0.593767 0.176352 0.423527 0.991213 0.976662 1.00655 0.372897 0.556342 0.525161 0.408492 0.41158 0.355692 0.437636 0.354915 0.0982865 0 0.308104 0 1.15825 1.02492 0.70772 1.02183 0.110306 0.11356 0.277252 0.692851 0.594708 0 2.60425 
575.386
-1.46922
0.243031 0.318725 0.463505 0.0872954 0.246467 0 0 0 0 0 0.182386 0.331884 0.4332 0.0942526 0.260562 0.174534 -0.350065 0.435868 0.583119 0.174763 0.409929 0.974411 0.960755 0.990041 0.366003 0.547289 0.516913 0.400302 0.403448 0.348425 0.428314 0.346911 0.0964738 -0.00155326 0.303976 -0.00155326 1.13835 1.00778 0.6936 1.00496 0.107834 0.11118 0.27402 0.680831 0.583927 0 2.5719 
1013.45
-1.59003
0.251109 0.327426 0.454809 0.0894218 0.254829 0 0 0 0 0 0.235449 0.344699 0.475168 0.0965485 0.27148 0.194859 0.100785 0.443914 0.600253 0.19508 0.861629 1.01242 1.03903 1.03395 0.374763 0.572273 0.543374 0.479673 0.408057 0.35009 0.426673 0.341285 0.0988238 -0.0165806 0.110306 -0.0165806 1.1802 1.04931 0.93953 1.0485 0.106235 0.111132 0.123886 0.704731 0.599964 0 1.85763 
1087.49
-1.66858
0.249221 0.324181 0.441429 0.088429 0.252982 0 0 0 0 0 0.247654 0.342844 0.477484 0.0954765 0.270371 0.199395 0.236662 0.437913 0.59481 0.199608 0.98391 1.00713 1.04674 1.03072 0.370538 0.570777 0.543122 0.495388 0.401351 0.343359 0.416903 0.331629 0.0977266 -0.0226445 0.0479685 -0.0226445 1.17298 1.04474 0.999423 1.0448 0.103294 0.108749 0.0755293 0.699957 0.594059 0 1.61069 
1195.49
-1.6777
0.250763 0.324789 0.426363 0.0884038 0.254672 0 0 0 0 0 0.279188 0.346282 0.496043 0.0954493 0.273711 0.211353 0.532579 0.435866 0.59683 0.211555 1.26834 1.01752 1.0843 1.04522 0.370316 0.579325 0.553334 0.540345 0.397335 0.338162 0.407758 0.321012 0.0976987 -0.0338427 -0.0825999 -0.0338427 1.1832 1.05714 1.14847 1.05875 0.100105 0.106657 -0.0257159 0.705226 0.595245 0 1.11432 
3222.57
-1.67772
0.250763 0.32479 0.426381 0.0884043 0.254672 0 0 0 0 0 0.27916 0.346281 0.496029 0.0954499 0.273709 0.211343 0.532306 0.43587 0.596832 0.211545 1.26808 1.01751 1.08427 1.04521 0.370318 0.57932 0.553327 0.540307 0.397342 0.338169 0.40777 0.321025 0.0976993 -0.0338318 -0.0824779 -0.0338318 1.18319 1.05714 1.14833 1.05875 0.100109 0.10666 -0.0256213 0.705225 0.595247 0 1.11479 
4900.24
-1.67772
0.250763 0.32479 0.426381 0.0884043 0.254672 0 0 0 0 0 0.27916 0.346281 0.496029 0.0954499 0.273709 0.211343 0.532306 0.43587 0.596832 0.211545 1.26808 1.01751 1.08427 1.04521 0.370318 0.57932 0.553327 0.540307 0.397342 0.338169 0.40777 0.321025 0.0976993 -0.0338318 -0.0824779 -0.0338318 1.18319 1.05714 1.14833 1.05875 0.100109 0.10666 -0.0256212 0.705225 0.595247 0 1.11479 
5049.22
-1.68474
0.251425 0.326303 0.435843 0.0889058 0.255286 0 0 0 0 0 0.267262 0.346578 0.491463 0.0959914 0.273651 0.206877 0.409977 0.439249 0.599185 0.207085 1.15466 1.01825 1.07352 1.04417 0.372474 0.578499 0.551578 0.524188 0.401435 0.342491 0.414338 0.327806 0.0982535 -0.0287413 -0.0273094 -0.0287413 1.18493 1.05715 1.091 1.05803 0.102166 0.108236 0.0171668 0.706647 0.597985 0 1.32951 
7194.41
-1.68475
0.25143 0.32631 0.435863 0.088908 0.255291 0 0 0 0 0 0.267255 0.346585 0.491469 0.0959937 0.273655 0.206875 0.409858 0.439261 0.599198 0.207082 1.15457 1.01827 1.07352 1.04418 0.372483 0.578508 0.551585 0.524181 0.401447 0.342503 0.414354 0.327821 0.098256 -0.0287347 -0.0272512 -0.0287347 1.18495 1.05717 1.09096 1.05805 0.102171 0.108241 0.0172119 0.706661 0.597999 0 1.32975 
9196.16
-1.68475
0.25143 0.32631 0.435863 0.088908 0.255291 0 0 0 0 0 0.267255 0.346585 0.491469 0.0959937 0.273655 0.206875 0.409858 0.439261 0.599198 0.207082 1.15457 1.01827 1.07352 1.04418 0.372483 0.578508 0.551585 0.524181 0.401447 0.342503 0.414354 0.327821 0.098256 -0.0287347 -0.0272512 -0.0287347 1.18495 1.05717 1.09096 1.05805 0.102171 0.108241 0.0172119 0.706661 0.597999 0 1.32975 
