58.6638
-1.72354
0.217609 0.285561 0.417258 0.0782359 0.22067 0 0 0 0 0 0.0126318 0.297002 0.237491 0.0844711 0.233096 0.154928 -1.81978 0.390873 0.522331 0.155135 -1.07759 0.871961 0.758426 0.885457 0.328034 0.489409 0.46198 0.137982 0.362063 0.312899 0.384985 0.312216 0.0864618 0 0.900801 0 1.0189 0.901615 -0.0750014 0.898892 0.0970352 0.0998979 0.753833 0.609495 0.523159 0 4.99632 
587.418
-1.86769
0.238666 0.313193 0.457634 0.0858064 0.242023 0 0 0 0 0 0.0386517 0.325741 0.285527 0.0926449 0.255652 0.16992 -1.74784 0.428695 0.572875 0.170147 -0.943914 0.956336 0.848344 0.971138 0.359776 0.536766 0.506683 0.187656 0.397098 0.343177 0.422238 0.342427 0.0948282 0 0.884632 0 1.11749 0.988859 0.0322027 0.985873 0.106425 0.109564 0.743105 0.668472 0.573782 0 5.03587 
1716.98
-1.90272
0.235565 0.314267 0.455785 0.0643337 0.239116 0 0 0 0 0 0.0360971 0.328089 0.289072 0.0744528 0.25021 0.170789 -1.71679 0.428025 0.553569 0.17108 -0.924909 0.932553 0.830963 0.956325 0.349485 0.533523 0.497743 0.191118 0.388413 0.328915 0.412802 0.326978 0.0769427 -0.0183523 0.857582 -0.0183523 1.11536 0.965824 0.0226806 0.971046 0.108885 0.114019 0.727537 0.663936 0.567785 0 4.97571 
1736.48
-1.94752
0.240479 0.330156 0.472728 0.0287342 0.244535 0 0 0 0 0 0.0445141 0.346872 0.319772 0.0451787 0.251584 0.179935 -1.62356 0.445845 0.543592 0.180355 -0.822695 0.931398 0.844353 0.972294 0.346585 0.551423 0.50385 0.222492 0.390118 0.317988 0.414247 0.313837 0.0483283 -0.0520375 0.799788 -0.0520376 1.1611 0.967486 0.0592005 0.987642 0.118131 0.127065 0.69356 0.685316 0.582274 0 4.88521 
1765.61
-1.98417
0.282138 0.499672 0.644099 -0.41085 0.292084 0 0 0 0 0 0.124518 0.550647 0.651916 -0.317976 0.248883 0.2783 -0.551327 0.630084 0.37873 0.280266 0.305725 0.844746 0.929861 1.09283 0.28399 0.728426 0.539673 0.561422 0.380716 0.159007 0.399772 0.127987 -0.306967 -0.461821 0.110636 -0.461821 1.63269 0.912639 0.411223 1.1147 0.222522 0.277451 0.289457 0.894653 0.714983 0 3.75021 
2131.85
-2.26581
0.269573 0.475615 0.610332 -0.262679 0.277876 0 0 0 0 0 0.126619 0.517155 0.585257 -0.193817 0.261763 0.230373 -0.71056 0.554669 0.420399 0.231859 0.109689 0.866921 0.914875 1.04287 0.331761 0.715563 0.575495 0.516092 0.411513 0.228124 0.415 0.203661 -0.184996 -0.339812 0.253794 -0.339813 1.48986 0.923985 0.376593 1.06362 0.194707 0.235152 0.35349 0.815302 0.655425 0 3.81444 
4319.72
-2.26581
0.269573 0.475615 0.610332 -0.262679 0.277876 0 0 0 0 0 0.126619 0.517155 0.585257 -0.193817 0.261763 0.230373 -0.71056 0.554669 0.420399 0.231859 0.109689 0.866921 0.914875 1.04287 0.331761 0.715563 0.575495 0.516092 0.411513 0.228124 0.415 0.203661 -0.184996 -0.339812 0.253794 -0.339813 1.48986 0.923985 0.376593 1.06362 0.194707 0.235152 0.35349 0.815302 0.655425 0 3.81444 
