421.193
-2.11219
0.231447 0.30372 0.443792 0.083211 0.234702 0 0 0 0 0 0.00840693 0.315889 0.247513 0.0898426 0.247919 0.16478 -1.98579 0.415728 0.555547 0.165 -1.19436 0.927409 0.803303 0.941763 0.348894 0.52053 0.491357 0.139391 0.385087 0.332797 0.409466 0.33207 0.0919599 0 0.979036 0 1.08369 0.958949 -0.10298 0.956052 0.103206 0.10625 0.818736 0.648253 0.556427 0 5.40404 
683.016
-2.11431
0.230604 0.304222 0.443469 0.0766229 0.233927 0 0 0 0 0 0.00743934 0.316791 0.248572 0.084272 0.246369 0.164971 -1.97903 0.415754 0.549484 0.165213 -1.19085 0.920376 0.798073 0.937567 0.34591 0.51982 0.488871 0.140286 0.382619 0.328577 0.40678 0.327482 0.0864852 -0.00567054 0.971946 -0.00567054 1.08361 0.952168 -0.106967 0.951863 0.104024 0.107686 0.814967 0.646642 0.554561 0 5.39086 
717.918
-2.36965
0.257588 0.419633 0.559572 -0.226303 0.265241 0 0 0 0 0 0.0381166 0.455733 0.452074 -0.166073 0.243101 0.22354 -1.47109 0.540832 0.413348 0.224927 -0.639731 0.846684 0.82799 1.00925 0.301365 0.639479 0.511473 0.33808 0.374536 0.217754 0.395103 0.198167 -0.158459 -0.287735 0.592823 -0.287735 1.40215 0.900395 0.0162484 1.02816 0.175447 0.210756 0.613821 0.759556 0.627406 0 4.97815 
938.137
-2.37191
0.261661 0.446557 0.586595 -0.293818 0.270256 0 0 0 0 0 0.0442423 0.48753 0.498137 -0.221833 0.241333 0.231937 -1.35574 0.564037 0.378018 0.233581 -0.52233 0.821203 0.825256 1.01486 0.2919 0.665925 0.516636 0.382968 0.373464 0.193173 0.391721 0.170007 -0.212989 -0.350254 0.50744 -0.350254 1.46459 0.87919 0.0356501 1.03488 0.192523 0.23478 0.567984 0.778716 0.637982 0 4.87042 
1788.79
-2.3869
0.261661 0.446557 0.586595 -0.293817 0.270256 0 0 0 0 0 0.0442423 0.48753 0.498136 -0.221833 0.241333 0.231937 -1.35574 0.564037 0.378018 0.233581 -0.522331 0.821203 0.825256 1.01486 0.2919 0.665925 0.516636 0.382968 0.373464 0.193173 0.391721 0.170007 -0.212989 -0.350254 0.507441 -0.350254 1.46459 0.87919 0.0356501 1.03488 0.192523 0.23478 0.567984 0.778716 0.637982 0 4.87042 
3013.62
-2.41705
0.261676 0.446779 0.586832 -0.294226 0.270277 0 0 0 0 0 0.0442962 0.487777 0.49849 -0.222167 0.24133 0.231919 -1.35492 0.564141 0.377763 0.233564 -0.521565 0.820979 0.825172 1.01481 0.291888 0.666142 0.516725 0.383317 0.373514 0.19306 0.391731 0.169882 -0.213315 -0.350634 0.506887 -0.350634 1.46494 0.878985 0.0357385 1.03484 0.192661 0.234959 0.567677 0.778786 0.638 0 4.86955 
4182.25
-2.42761
0.262588 0.460286 0.601259 -0.319052 0.271546 0 0 0 0 0 0.0475779 0.502785 0.520009 -0.242488 0.241169 0.230817 -1.30526 0.570461 0.362224 0.232563 -0.474996 0.807334 0.820022 1.01156 0.291195 0.679344 0.522115 0.404558 0.376517 0.186191 0.392347 0.162265 -0.233131 -0.373755 0.473197 -0.373755 1.48617 0.866486 0.0411222 1.03219 0.201066 0.245879 0.54901 0.783052 0.63907 0 4.81624 
5325.99
-2.42761
0.262588 0.460286 0.601259 -0.319052 0.271546 0 0 0 0 0 0.0475779 0.502785 0.520009 -0.242488 0.241169 0.230817 -1.30526 0.570461 0.362224 0.232563 -0.474996 0.807334 0.820022 1.01156 0.291195 0.679344 0.522115 0.404558 0.376517 0.186191 0.392347 0.162265 -0.233131 -0.373755 0.473197 -0.373755 1.48617 0.866486 0.0411222 1.03219 0.201066 0.245879 0.54901 0.783052 0.63907 0 4.81624 
