1.04011
1.25347
0.0964004 0.0840466 0.560762 0.327255 0.098115 0 0 0 0 0 0.124166 0.0981987 -0.110987 0.0853782 0.514827 -0.156522 -0.415446 -0.107342 0.402354 -0.0168261 0.363596 2.62073 -2.85714 0.32905 -0.719536 -0.510602 1.23347 0.110357 -0.194237 -0.448519 0.537138 0.133004 -0.264525 1.63015 -1.19527 -0.395871 -0.465314 0.497514 1.51156 -1.24567 0.554241 -0.617631 0.458759 0.83863 -0.212082 0 2.66727 
6750.65
-1.45232
0.2946 0.256847 0.57503 0.367178 0.29984 0 0 0 0 0 0.379452 0.262163 0.345765 0.260916 0.527226 0.156995 0.145468 0.358439 0.736325 0.207981 1.11115 1.84873 -0.107021 1.00558 0.0946107 0.137677 0.71086 0.337252 0.332314 0.20624 0.553646 0.40646 0.13695 0.735709 -0.273228 0.00348486 0.821214 1.07933 1.47151 0.443139 0.310891 -0.0607078 0.351793 0.995464 0.524003 0 2.34114 
9954.77
-1.65617
0.329135 0.299126 0.456515 0.31637 0.335326 0 0 0 0 0 0.363481 0.299282 0.475029 0.298341 0.366461 0.263993 0.393934 0.497157 0.720998 0.263525 1.19782 1.0571 1.16159 1.05174 0.463652 0.399374 0.318351 0.361632 0.49161 0.437067 0.411118 0.425077 0.301618 0.16578 0.205627 0.184999 1.22639 1.06726 1.11775 1.07108 0.128009 0.200719 0.207728 0.85326 0.715347 0 1.7321 
12798.1
-1.72773
0.312292 0.287776 0.407872 0.282027 0.318207 0 0 0 0 0 0.327472 0.286597 0.454439 0.278201 0.312518 0.263447 0.403506 0.483932 0.67623 0.256829 1.12488 0.883848 1.23658 0.98087 0.478505 0.400465 0.245218 0.337017 0.473213 0.426651 0.356265 0.389965 0.297032 0.0849425 0.249858 0.193204 1.19 0.987497 0.997704 1.06912 0.0993014 0.221414 0.178618 0.782194 0.692943 0 1.55696 
14662.1
-1.73128
0.312846 0.283777 0.429028 0.291624 0.318566 0 0 0 0 0 0.339197 0.283018 0.439759 0.274681 0.345241 0.255027 0.371465 0.466937 0.690108 0.255803 1.1291 1.0158 1.07156 0.992625 0.429373 0.366496 0.304217 0.336969 0.455667 0.40039 0.383922 0.39372 0.276091 0.169165 0.183134 0.169565 1.14797 1.00763 1.06584 0.997493 0.127039 0.187519 0.204537 0.813915 0.677896 0 1.666 
22881.7
-1.73627
0.312859 0.28375 0.428961 0.29145 0.318573 0 0 0 0 0 0.339289 0.282988 0.439631 0.274467 0.345358 0.255044 0.371395 0.466806 0.6901 0.25583 1.12904 1.01599 1.07136 0.992622 0.429264 0.366424 0.304296 0.336951 0.455497 0.400244 0.383885 0.393599 0.27588 0.169175 0.182911 0.169425 1.14781 1.00763 1.06596 0.997362 0.12706 0.187475 0.204633 0.813874 0.67781 0 1.66609 
38571.3
-1.7396
0.312859 0.28375 0.428961 0.29145 0.318573 0 0 0 0 0 0.339289 0.282988 0.439631 0.274467 0.345358 0.255044 0.371395 0.466806 0.6901 0.25583 1.12904 1.01599 1.07136 0.992622 0.429264 0.366424 0.304296 0.336951 0.455497 0.400244 0.383885 0.393599 0.27588 0.169175 0.182911 0.169425 1.14781 1.00763 1.06596 0.997362 0.12706 0.187475 0.204633 0.813874 0.67781 0 1.66609 
