1.18974
0.113904
0.125483 0.109402 0.648287 0.380599 0.127715 0 0 0 0 0 0.161625 0.125104 -0.0953554 0.111136 0.595131 -0.158186 -0.43931 -0.0905005 0.488368 -0.00330146 0.473287 2.96963 -3.10067 0.428319 -0.77215 -0.54288 1.38627 0.14365 -0.186443 -0.470755 0.621179 0.173129 -0.276541 1.81748 -1.31353 -0.4283 -0.444839 0.615978 1.74186 -1.31673 0.622286 -0.672969 0.521855 0.97924 -0.192015 0 3.05533 
1352.47
-1.07756
0.24076 0.209906 0.735067 0.447443 0.245042 0 0 0 0 0 0.310104 0.223083 0.123091 0.213232 0.674444 -0.0196277 -0.210605 0.133091 0.71661 0.109572 0.90808 2.94522 -2.09559 0.821801 -0.456707 -0.282868 1.29312 0.275617 0.0559919 -0.198624 0.70576 0.332177 -0.108193 1.58991 -1.01019 -0.279651 0.148817 0.984773 1.93553 -0.627407 0.576064 -0.474962 0.532025 1.17849 0.155317 0 3.2661 
9926.42
-1.52005
0.301122 0.262533 0.780508 0.482444 0.306478 0 0 0 0 0 0.387851 0.274387 0.237475 0.266692 0.715975 0.0529248 -0.0908494 0.25017 0.836124 0.168675 1.13575 2.93243 -1.5693 1.02784 -0.291532 -0.146719 1.24435 0.344718 0.182937 -0.0561284 0.750049 0.415458 -0.0200417 1.47075 -0.85135 -0.201815 0.459671 1.17788 2.03694 -0.266461 0.55186 -0.371281 0.537351 1.28282 0.33719 0 3.37647 
16366.6
-1.66324
0.34101 0.289826 0.734476 0.441738 0.346901 0 0 0 0 0 0.411813 0.297244 0.287858 0.265251 0.683524 0.118363 0.0193934 0.313366 0.848545 0.213976 1.20494 2.64054 -1.03559 1.06754 -0.123822 -0.0292044 1.09299 0.367706 0.255907 0.0410839 0.704188 0.424275 0.033477 1.24133 -0.672492 -0.135724 0.65028 1.19275 1.93246 0.00162773 0.487479 -0.255424 0.500276 1.25773 0.443233 0 3.19692 
19878.9
-2.19142
0.40875 0.354986 0.476275 0.234257 0.415101 0 0 0 0 0 0.36101 0.344613 0.400902 0.214598 0.409405 0.309209 0.395608 0.472416 0.73357 0.325993 1.22915 1.27439 0.827681 0.995615 0.457831 0.370804 0.450066 0.405357 0.45476 0.342155 0.436676 0.385452 0.192252 0.315461 0.00298477 0.0901355 1.1451 1.01848 1.2975 0.818513 0.204185 0.15549 0.298204 0.950604 0.688614 0 2.17007 
24585.2
-2.23466
0.400067 0.358778 0.387367 0.117841 0.40722 0 0 0 0 0 0.436593 0.338714 0.381592 0.149109 0.444327 0.332732 0.460627 0.482144 0.730516 0.334097 1.15691 0.993662 1.18157 0.962738 0.565992 0.429462 0.310257 0.381116 0.453087 0.337611 0.299437 0.317496 0.178873 0.121141 0.112402 0.133085 1.17134 0.975393 1.1695 0.958426 0.141736 0.190385 0.213767 0.905356 0.749552 0 1.96968 
44009.3
-2.24888
0.400026 0.358771 0.387468 0.11798 0.407179 0 0 0 0 0 0.436478 0.338711 0.381672 0.149221 0.444223 0.332705 0.460593 0.482203 0.730514 0.334074 1.15695 0.993728 1.1814 0.96273 0.565964 0.429451 0.310301 0.381135 0.453142 0.337679 0.299563 0.317585 0.178953 0.121259 0.112453 0.133127 1.17136 0.975394 1.16946 0.958376 0.141742 0.190359 0.213783 0.905305 0.749546 0 1.96973 
64611.2
-2.24896
0.400026 0.358771 0.387468 0.11798 0.407179 0 0 0 0 0 0.436478 0.338711 0.381672 0.149221 0.444223 0.332705 0.460593 0.482203 0.730514 0.334074 1.15695 0.993728 1.1814 0.96273 0.565964 0.429451 0.310301 0.381135 0.453142 0.337679 0.299563 0.317585 0.178953 0.121259 0.112453 0.133127 1.17136 0.975394 1.16946 0.958376 0.141742 0.190359 0.213783 0.905305 0.749546 0 1.96973 
85305.5
-2.25163
0.399934 0.358911 0.388462 0.119734 0.40709 0 0 0 0 0 0.435563 0.338944 0.382617 0.150706 0.443348 0.332498 0.460503 0.482687 0.730135 0.333892 1.15801 0.99452 1.18073 0.963053 0.566118 0.429859 0.310836 0.381762 0.454249 0.339063 0.301062 0.31909 0.180108 0.122317 0.113276 0.133643 1.17223 0.975713 1.16951 0.958462 0.1418 0.190538 0.214254 0.904869 0.749381 0 1.97031 
