1.9368
2.23765
0.0957897 -0.199537 0.733347 0.430579 0.387835 0 0 0 0 0 -0.404252 0.45008 -0.543021 -0.406305 0.903763 -0.639145 -0.274472 0.226695 0.841158 0.07849 2.23289 1.17522 -3.45086 0.336038 -0.267826 -0.0979335 0.789056 -0.278729 0.136895 -0.583732 0.28208 0.373521 0.0775405 0.936896 0.0241759 -0.961956 -2.41332 1.51103 2.22871 -1.59529 0.250212 -0.231986 0.315989 0.307373 -0.238535 0 3.05779 
5757.4
-0.523415
0.395053 0.33676 0.519454 0.338563 0.40105 0 0 0 0 0 0.496546 0.331428 0.537128 0.3162 0.506262 0.323087 0.429852 0.533169 0.816514 0.323706 1.43448 1.31493 1.36096 1.30332 0.49646 0.460705 0.395738 0.439349 0.564579 0.513674 0.496333 0.495598 0.31979 0.19729 0.203311 0.19505 1.44297 1.31754 1.3616 1.31334 0.161432 0.229417 0.261977 1.02036 0.830363 0 1.97586 
5758.74
-1.16311
0.206159 0.14945 0.26263 0.17534 0.224015 0 0 0 0 0 0.197089 0.179783 0.202979 0.120644 0.271078 0.132247 0.195839 0.242042 0.388632 0.171381 0.790619 0.669912 0.477877 0.620289 0.222896 0.215939 0.2257 0.19697 0.254632 0.188503 0.22513 0.230386 0.149826 0.139137 0.0937686 0.0361352 0.541486 0.688166 0.78309 0.520533 0.0842402 0.103202 0.127007 0.450068 0.350421 0 1.08481 
5761.83
-1.30579
0.239159 0.189905 0.287461 0.192539 0.246317 0 0 0 0 0 0.263167 0.194691 0.279132 0.168128 0.287309 0.186886 0.247488 0.287907 0.440708 0.198118 0.844409 0.754124 0.742304 0.73591 0.281368 0.264214 0.234016 0.250097 0.306735 0.264103 0.265557 0.267097 0.178647 0.122451 0.113086 0.0931155 0.777346 0.759691 0.826586 0.712377 0.0909131 0.13369 0.141942 0.54355 0.444226 0 1.15999 
14328.9
-1.47498
0.290916 0.233032 0.37907 0.249258 0.303968 0 0 0 0 0 0.33063 0.248522 0.351845 0.207591 0.378097 0.216599 0.300195 0.372971 0.581984 0.239722 1.08304 0.961041 0.867506 0.92699 0.345003 0.325435 0.30328 0.305079 0.393828 0.33328 0.347237 0.349965 0.226142 0.166842 0.142909 0.105687 0.941281 0.972875 1.04612 0.873066 0.119285 0.159329 0.188087 0.706328 0.565174 0 1.48946 
21570.4
-1.50855
0.304591 0.247287 0.395865 0.260059 0.316011 0 0 0 0 0 0.353545 0.25846 0.377632 0.222944 0.392893 0.232327 0.318103 0.393599 0.610926 0.250761 1.12439 1.00518 0.941327 0.976107 0.365767 0.34365 0.31367 0.323594 0.416084 0.358508 0.366247 0.368301 0.238368 0.168642 0.150856 0.119815 1.01358 1.01499 1.08284 0.935251 0.124262 0.169224 0.197082 0.747064 0.600815 0 1.54674 
29197
-1.52106
0.312049 0.254558 0.406326 0.266685 0.323139 0 0 0 0 0 0.365147 0.264633 0.39054 0.230452 0.402577 0.23952 0.327169 0.405173 0.628183 0.256773 1.15075 1.03111 0.974425 1.00313 0.376397 0.353225 0.320727 0.332991 0.428354 0.371045 0.377066 0.378927 0.245093 0.171369 0.155178 0.12562 1.04792 1.04045 1.1066 0.965697 0.127419 0.174071 0.20255 0.769678 0.619604 0 1.58321 
33415.5
-1.52284
0.319681 0.270354 0.406671 0.262921 0.325941 0 0 0 0 0 0.389725 0.270021 0.414857 0.240043 0.405394 0.25446 0.347648 0.417608 0.644826 0.259869 1.15664 1.04794 1.06806 1.0321 0.399737 0.369809 0.321057 0.351209 0.442324 0.395844 0.386655 0.387278 0.245968 0.154847 0.154407 0.140204 1.13134 1.05194 1.10569 1.02713 0.129125 0.184194 0.206553 0.80108 0.649771 0 1.60006 
38673
-1.5258
0.318035 0.272738 0.402962 0.25921 0.322694 0 0 0 0 0 0.396139 0.268885 0.417089 0.240479 0.40577 0.259147 0.351126 0.416835 0.65255 0.26144 1.15066 1.04769 1.08506 1.03449 0.401827 0.366639 0.313918 0.347504 0.439218 0.394543 0.382901 0.381615 0.245016 0.150413 0.153699 0.143954 1.14535 1.05069 1.09693 1.03848 0.128783 0.187801 0.209605 0.808512 0.659035 0 1.60407 
69420.6
-1.53067
0.318116 0.272804 0.402914 0.259096 0.322749 0 0 0 0 0 0.396156 0.268881 0.417117 0.240457 0.405677 0.259317 0.351167 0.416888 0.652721 0.261552 1.15059 1.04765 1.08541 1.0345 0.40188 0.366593 0.313818 0.347451 0.439163 0.394514 0.382864 0.381506 0.244974 0.150322 0.153661 0.144019 1.14565 1.05064 1.09679 1.03865 0.128775 0.187793 0.20967 0.808761 0.659192 0 1.60426 
91053.6
-1.53287
0.318116 0.272804 0.402914 0.259096 0.322749 0 0 0 0 0 0.396156 0.268881 0.417117 0.240457 0.405677 0.259317 0.351167 0.416888 0.652721 0.261552 1.15059 1.04765 1.08541 1.0345 0.40188 0.366593 0.313818 0.347451 0.439163 0.394514 0.382864 0.381506 0.244974 0.150322 0.153661 0.144019 1.14565 1.05064 1.09679 1.03865 0.128775 0.187793 0.20967 0.808761 0.659192 0 1.60426 
119595
-1.53287
0.318116 0.272804 0.402914 0.259096 0.322749 0 0 0 0 0 0.396156 0.268881 0.417117 0.240457 0.405677 0.259317 0.351167 0.416888 0.652721 0.261552 1.15059 1.04765 1.08541 1.0345 0.40188 0.366593 0.313818 0.347451 0.439163 0.394514 0.382864 0.381506 0.244974 0.150322 0.153661 0.144019 1.14565 1.05064 1.09679 1.03865 0.128775 0.187793 0.20967 0.808761 0.659192 0 1.60426 
