0.214124
0.0979403
-0.56251 0.108449 0.189302 0.155019 0.10587 0 0 0 0 0 0.123374 0.110354 -0.318493 0.0748663 1.01698 0.0775361 -0.921149 -0.138316 0.284138 0.0777187 0.456981 0.431025 -1.83812 0.421755 -0.594391 -1.02017 1.96757 0.165767 -1.02292 0.180548 0.185592 1.37933 0.144773 2.69607 -2.72848 0.0948508 0.45785 2.48751 0.425611 -1.23804 0.0525518 -0.152084 1.13166 1.64467 -0.849742 0 2.67512 
225.718
-1.52427
-0.345459 0.226697 0.395708 0.324045 0.221305 0 0 0 0 0 0.257896 0.230679 -0.0137189 0.257746 1.01607 0.162078 -0.610626 0.153405 0.593949 0.16246 0.95629 0.900996 -1.01551 0.881617 -0.270508 -0.637596 1.8516 0.346512 -0.608948 0.37741 0.387952 1.38271 0.302628 2.40075 -2.15592 0.198272 0.957068 2.62046 0.889678 -0.534374 0.109852 -0.0413084 1.0565 1.77662 -0.344209 0 3.04649 
1271.83
-1.62873
-0.224462 0.292616 0.510772 0.418271 0.285656 0 0 0 0 0 0.332887 0.297755 0.15618 0.359694 1.01556 0.209207 -0.437521 0.316028 0.766656 0.209699 1.23463 1.16299 -0.556937 1.13797 -0.0899559 -0.424323 1.78695 0.44727 -0.378176 0.487152 0.50076 1.3846 0.390625 2.23612 -1.83675 0.255925 1.23536 2.69457 1.14838 -0.142112 0.141794 0.0204449 1.01461 1.85018 -0.0623945 0 3.25351 
3002.13
-1.93441
-0.232142 0.267666 0.462178 0.368794 0.266465 0 0 0 0 0 0.298281 0.270731 0.112404 0.3132 0.96513 0.197351 -0.442724 0.267957 0.690382 0.197864 1.12871 1.06358 -0.607154 1.0395 -0.112276 -0.439243 1.72266 0.415149 -0.407366 0.438381 0.449562 1.31442 0.345899 2.15742 -1.82789 0.221715 1.12752 2.55632 1.05891 -0.217493 0.127669 0.00721271 0.973385 1.74674 -0.116025 0 3.08469 
3317.14
-2.01639
-0.19916 0.282014 0.398742 0.325509 0.26419 0 0 0 0 0 0.248973 0.280492 0.0622642 0.273042 0.869824 0.171923 -0.387471 0.182265 0.616182 0.172436 1.01735 0.974777 -0.550327 0.930378 -0.060049 -0.389685 1.60679 0.396849 -0.37159 0.400713 0.365338 1.21734 0.30849 1.96648 -1.74092 0.173784 1.01541 2.32802 0.994694 -0.251788 0.121658 0.00945798 0.920208 1.5951 -0.141138 0 2.86724 
4204.58
-2.22975
-0.125667 0.318959 0.399506 0.332133 0.288673 0 0 0 0 0 0.243676 0.314569 0.0953432 0.285174 0.799912 0.172824 -0.276394 0.186679 0.632358 0.173384 1.04974 1.01678 -0.321303 0.955465 0.0515247 -0.266345 1.49528 0.424542 -0.251267 0.4178 0.350166 1.14668 0.316878 1.75938 -1.54638 0.162326 1.04718 2.19125 1.05324 -0.116244 0.130195 0.0362596 0.863706 1.51403 -0.0440872 0 2.79241 
4527.37
-2.39228
0.44866 0.619107 0.407044 0.325858 0.47911 0 0 0 0 0 -0.0689211 0.586161 0.328492 0.330283 -0.0198787 0.194753 0.621553 0.17756 0.730737 0.195623 1.25657 1.25728 1.38413 1.08915 0.886479 0.674317 0.630668 0.635036 0.617597 0.479329 0.187453 0.539649 0.33687 0.101959 -0.0645015 0.0429385 1.2812 1.04443 1.4142 0.879775 0.183385 0.230876 0.336974 0.829583 0.634238 0 2.11318 
5172.23
-2.74911
0.358915 0.542874 0.378663 0.306923 0.435379 0 0 0 0 0 -0.0031044 0.515934 0.281028 0.304969 0.105407 0.18248 0.477661 0.17467 0.680603 0.183363 1.15733 1.16039 1.10983 1.00865 0.742665 0.5251 0.691577 0.578156 0.478462 0.439982 0.187833 0.577102 0.311711 0.295137 -0.247779 0.0477995 1.17094 1.12219 1.30221 0.696385 0.162992 0.194832 0.387028 0.867942 0.52973 0 2.10035 
5799.73
-2.79078
0.353807 0.508817 0.354147 0.269612 0.421384 0 0 0 0 0 0.00666635 0.484283 0.26957 0.269056 0.103025 0.181068 0.455407 0.177837 0.655802 0.181971 1.08325 1.08708 1.0759 0.941531 0.730531 0.50832 0.643157 0.549416 0.467901 0.417161 0.192887 0.530739 0.279602 0.251882 -0.222757 0.0355889 1.09363 1.03382 1.24149 0.654318 0.156442 0.179486 0.377676 0.827602 0.518026 0 1.99961 
9556.56
-2.81626
0.353812 0.50882 0.354148 0.269614 0.421386 0 0 0 0 0 0.00666394 0.484286 0.269573 0.269058 0.103019 0.181068 0.455415 0.177838 0.655804 0.181972 1.08326 1.08708 1.07592 0.941535 0.730538 0.508329 0.643151 0.549419 0.467909 0.417162 0.192886 0.530735 0.279604 0.251869 -0.222744 0.0355886 1.09363 1.03382 1.2415 0.654329 0.156442 0.179488 0.377672 0.827597 0.518033 0 1.99961 
14758
-2.81626
0.353812 0.50882 0.354148 0.269614 0.421386 0 0 0 0 0 0.00666394 0.484286 0.269573 0.269058 0.103019 0.181068 0.455415 0.177838 0.655804 0.181972 1.08326 1.08708 1.07592 0.941535 0.730538 0.508329 0.643151 0.549419 0.467909 0.417162 0.192886 0.530735 0.279604 0.251869 -0.222744 0.0355886 1.09363 1.03382 1.2415 0.654329 0.156442 0.179488 0.377672 0.827597 0.518033 0 1.99961 
