0.236656
1.43166
-0.531474 0.0849099 0.148213 0.121372 0.0828903 0 0 0 0 0 0.0965955 0.0864012 -0.320865 0.0475136 0.917933 0.0607066 -0.8654 -0.156821 0.222465 0.0608496 0.357678 0.33747 -1.74913 0.330211 -0.571962 -0.962673 1.78847 0.129787 -0.968592 0.141359 0.145308 1.24449 0.11335 2.46562 -2.52527 0.0742631 0.358472 2.23043 0.33323 -1.1945 0.0411453 -0.149406 1.02958 1.46986 -0.822338 0 2.3736 
1318.8
-1.63355
-0.0716057 0.254607 0.444425 0.36394 0.248551 0 0 0 0 0 0.289647 0.259078 0.233027 0.328055 0.71833 0.182032 -0.184813 0.340901 0.667072 0.182461 1.07442 1.01192 -0.0634933 0.990156 0.0665218 -0.146511 1.21797 0.389172 -0.101236 0.423874 0.435715 0.98121 0.339885 1.46376 -1.0697 0.222682 1.0749 1.96033 0.999209 0.18226 0.123376 0.0589937 0.687808 1.36237 0.159039 0 2.45171 
1733.24
-2.21652
0.204171 0.276447 0.340741 0.286307 0.259971 0 0 0 0 0 0.122863 0.273623 0.312506 0.283919 0.198488 0.193515 0.28361 0.393689 0.641188 0.194063 1.04551 1.02919 0.904972 0.98497 0.379999 0.339601 0.506596 0.400062 0.297772 0.338287 0.288705 0.419188 0.2557 0.330544 -0.0431399 0.122379 1.0318 1.08741 1.04628 0.780658 0.102487 0.137599 0.246739 0.749158 0.522778 0 1.67817 
2842.95
-2.28542
0.24236 0.288163 0.356977 0.299819 0.271115 0 0 0 0 0 0.130496 0.285316 0.350991 0.300903 0.170018 0.201768 0.341919 0.427718 0.669414 0.202339 1.0914 1.07369 1.04369 1.02785 0.430957 0.407279 0.448244 0.417302 0.366199 0.354168 0.303274 0.385311 0.267972 0.23152 0.0823027 0.129077 1.07725 1.04385 1.09111 0.888234 0.107228 0.153527 0.211339 0.723919 0.597592 0 1.66027 
3308.44
-2.30525
0.269839 0.286688 0.374303 0.350893 0.278473 0 0 0 0 0 0.169488 0.286019 0.391438 0.35392 0.182331 0.214315 0.375931 0.47362 0.703886 0.214896 1.13144 1.11323 1.14689 1.06889 0.474889 0.44847 0.392841 0.417621 0.43701 0.384307 0.333307 0.373145 0.315862 0.191114 0.21497 0.16644 1.11721 1.02363 1.12286 0.981769 0.113655 0.170895 0.202319 0.726708 0.681367 0 1.67197 
5564.17
-2.31004
0.268533 0.285814 0.367394 0.334793 0.276731 0 0 0 0 0 0.158454 0.284585 0.382985 0.33802 0.170699 0.211945 0.374864 0.465269 0.694971 0.212524 1.11772 1.09988 1.13771 1.05512 0.46971 0.446678 0.391628 0.416549 0.426584 0.37453 0.325285 0.363445 0.300639 0.178226 0.203273 0.155147 1.1032 1.00796 1.11262 0.967727 0.111763 0.166706 0.196863 0.713242 0.668332 0 1.651 
10116.1
-2.33949
0.266229 0.282917 0.370037 0.338061 0.277125 0 0 0 0 0 0.168232 0.2822 0.38523 0.340856 0.184145 0.213713 0.366729 0.471512 0.699005 0.214287 1.11742 1.09793 1.12582 1.05428 0.467292 0.440007 0.39846 0.414818 0.424575 0.377911 0.334175 0.370191 0.304017 0.194571 0.198014 0.160408 1.10307 1.01756 1.11033 0.961895 0.112856 0.164625 0.205554 0.72388 0.670307 0 1.66228 
14060.7
-2.33952
0.266243 0.282922 0.370043 0.338074 0.277129 0 0 0 0 0 0.168236 0.282205 0.385245 0.34087 0.184134 0.213716 0.366754 0.471525 0.699016 0.21429 1.11744 1.09796 1.12588 1.0543 0.467313 0.440034 0.398435 0.414824 0.424605 0.37792 0.334179 0.37018 0.304028 0.194535 0.198068 0.160414 1.10309 1.01754 1.11035 0.961941 0.112858 0.164633 0.205541 0.723872 0.670338 0 1.66227 
16961.4
-2.33952
0.266243 0.282922 0.370043 0.338074 0.277129 0 0 0 0 0 0.168236 0.282205 0.385245 0.34087 0.184134 0.213716 0.366754 0.471525 0.699016 0.21429 1.11744 1.09796 1.12588 1.0543 0.467313 0.440034 0.398435 0.414824 0.424605 0.37792 0.334179 0.37018 0.304028 0.194535 0.198068 0.160414 1.10309 1.01754 1.11035 0.961941 0.112858 0.164633 0.205541 0.723872 0.670338 0 1.66227 
