10.777
2.23714
-1.13445 0.0569225 0.16037 0.795822 1.39122 0 0 0 0 0 -3.12493 0.0737484 -0.125703 -0.742679 3.77364 -0.561442 -0.0874206 0.239881 0.37419 0.073548 -0.676736 1.13395 -1.56776 0.507114 -0.228126 0.235593 0.234716 -0.127177 -0.00418525 0.907917 0.173851 -0.798221 -0.00801397 0.57487 0.155806 -0.530902 0.352575 1.84281 0.569871 -1.86151 0.227296 -0.0200006 0.170747 0.319361 0.166687 0 2.64332 
73722.2
-0.53548
0.379229 0.318818 0.537236 0.298259 0.383211 0 0 0 0 0 0.484042 0.317066 0.543207 0.282663 0.490921 0.316126 0.424326 0.569982 0.804502 0.316525 1.44408 1.31662 1.37665 1.30216 0.472476 0.427565 0.370513 0.409169 0.540022 0.487152 0.482267 0.472294 0.296857 0.177149 0.176008 0.171916 1.4421 1.31093 1.37428 1.30913 0.151044 0.206989 0.301881 0.982132 0.792211 0 2.00197 
73730.6
-1.16676
0.135768 0.144497 0.235871 0.160355 0.273249 0 0 0 0 0 0.0477574 0.144218 0.219261 0.0732843 0.422821 0.139052 0.197162 0.263334 0.361626 0.173536 0.633314 0.662525 0.586644 0.627131 0.200734 0.199871 0.172173 0.174278 0.225709 0.245012 0.198916 0.147935 0.121816 0.103974 0.080092 0.0419536 0.680679 0.694842 0.694846 0.50266 0.0785427 0.0928847 0.148543 0.447321 0.349955 -4.39542e-05 1.09719 
73760.3
-1.31567
0.215853 0.17608 0.288468 0.162886 0.255828 0 0 0 0 0 0.219459 0.175011 0.284046 0.133523 0.327592 0.190368 0.243388 0.314416 0.432902 0.200254 0.806116 0.752921 0.78223 0.739648 0.258739 0.236043 0.202562 0.222008 0.284859 0.264344 0.246981 0.231807 0.154529 0.100871 0.0932647 0.0811956 0.81418 0.757551 0.807903 0.707637 0.0859413 0.1157 0.173388 0.538399 0.427928 -3.82739e-05 1.19505 
110632
-1.48385
0.245566 0.228549 0.382925 0.225465 0.326745 0 0 0 0 0 0.242431 0.227593 0.376062 0.168152 0.461956 0.219647 0.298883 0.407515 0.566428 0.239741 1.00427 0.962856 0.943655 0.935532 0.328894 0.308783 0.266661 0.284358 0.376646 0.365245 0.337449 0.30285 0.201886 0.138794 0.124654 0.100604 1.03068 0.979068 1.00477 0.866315 0.112503 0.141035 0.221529 0.695802 0.556034 -2.34179e-05 1.5169 
160911
-1.50955
0.266577 0.23964 0.402325 0.229028 0.32962 0 0 0 0 0 0.285244 0.238802 0.398009 0.182127 0.455328 0.233908 0.315226 0.42819 0.59721 0.249422 1.06701 1.00808 1.00712 0.983556 0.347715 0.323984 0.281406 0.301808 0.39794 0.37962 0.356812 0.328386 0.211608 0.141254 0.130078 0.110888 1.08679 1.01884 1.05282 0.931308 0.117493 0.149158 0.229724 0.73463 0.586667 -1.97925e-05 1.57697 
213260
-1.51927
0.280123 0.245808 0.410059 0.228613 0.327623 0 0 0 0 0 0.315809 0.244765 0.407843 0.190797 0.444135 0.243368 0.325583 0.438393 0.616173 0.255005 1.10611 1.03211 1.04739 1.01061 0.357427 0.33118 0.290067 0.311429 0.405711 0.381088 0.364563 0.340534 0.216578 0.140804 0.131379 0.117247 1.12003 1.03913 1.08067 0.973646 0.119378 0.153884 0.233099 0.760105 0.604714 -9.75184e-05 1.61315 
258437
-1.52077
0.286345 0.247305 0.411395 0.226911 0.325178 0 0 0 0 0 0.329047 0.246274 0.410463 0.194018 0.433895 0.247523 0.329401 0.441569 0.622073 0.256996 1.11954 1.03763 1.06262 1.01787 0.359871 0.331869 0.291848 0.313574 0.408041 0.379719 0.365994 0.345109 0.217312 0.138753 0.130445 0.119092 1.13014 1.04252 1.08866 0.989298 0.119639 0.155431 0.233402 0.768368 0.611302 -9.02364e-05 1.62272 
281670
-1.52123
0.303464 0.250014 0.414972 0.223043 0.311228 0 0 0 0 0 0.373514 0.249299 0.417082 0.208084 0.394202 0.260447 0.336957 0.444919 0.628911 0.262159 1.15004 1.0402 1.0983 1.02705 0.367504 0.332074 0.295158 0.319375 0.413839 0.372678 0.367796 0.359769 0.222104 0.133832 0.13024 0.127703 1.14801 1.03693 1.09854 1.02798 0.118018 0.161154 0.236039 0.780599 0.616636 -0.000166692 1.63219 
330304
-1.5225
0.303854 0.250158 0.415105 0.222925 0.311055 0 0 0 0 0 0.373981 0.249444 0.417343 0.208312 0.393176 0.260846 0.337568 0.445208 0.629352 0.262422 1.15127 1.04072 1.09938 1.02753 0.367788 0.332342 0.295405 0.319616 0.413976 0.372736 0.368292 0.3602 0.222273 0.133821 0.13024 0.127936 1.14909 1.0373 1.09913 1.02903 0.118081 0.161405 0.236193 0.781293 0.617236 -0.000171502 1.63393 
416068
-1.5225
0.303854 0.250158 0.415105 0.222925 0.311055 0 0 0 0 0 0.373981 0.249444 0.417343 0.208312 0.393176 0.260846 0.337568 0.445208 0.629352 0.262422 1.15127 1.04072 1.09938 1.02753 0.367788 0.332342 0.295405 0.319616 0.413976 0.372736 0.368292 0.3602 0.222273 0.133821 0.13024 0.127936 1.14909 1.0373 1.09913 1.02903 0.118081 0.161405 0.236193 0.781293 0.617236 -0.000171502 1.63393 
