8.73892
90.1009
0.00966777 -0.630804 0.494001 1.0357 -0.00735741 0 0 0 0 0 -3.88404 0.85028 -0.961082 -1.13293 4.36704 -0.833084 -0.348221 0.181972 0.238134 -0.00602438 -1.68282 0.816692 -3.26152 0.499525 -0.609286 0.000905741 0.123998 -0.149381 -0.0538195 1.06377 -0.0417374 -1.02066 -0.00538684 0.623418 0.068607 -0.782131 0.206361 1.87379 1.16677 -2.56529 0.250658 -0.0846549 0.190827 -0.0953979 0.257049 0 2.7806 -0.00966777 0.630804 -0.494001 -1.0357 0.00735741 -0 -0 -0 -0 -0 3.88404 -0.85028 0.961082 1.13293 -4.36704 0.833084 0.348221 -0.181972 -0.238134 0.00602438 1.68282 -0.816692 3.26152 -0.499525 0.609286 -0.000905741 -0.123998 0.149381 0.0538195 -1.06377 0.0417374 1.02066 0.00538684 -0.623418 -0.068607 0.782131 -0.206361 -1.87379 -1.16677 2.56529 -0.250658 0.0846549 -0.190827 0.0953979 -0.257049 -0 -2.7806 
33.2499
82.6879
-0.00417039 -0.62618 0.475243 1.00671 -0.0209937 0 0 0 0 0 -3.83751 0.827739 -0.953606 -1.12069 4.263 -0.829455 -0.360769 0.151279 0.186702 -0.0174713 -1.71657 0.739198 -3.25935 0.429779 -0.603158 -0.00397669 0.115284 -0.150305 -0.0635484 1.03674 -0.048699 -1.00839 -0.0127749 0.609482 0.0644076 -0.769839 0.138219 1.77757 1.08861 -2.57895 0.237036 -0.0934136 0.175151 -0.148423 0.206558 0 2.62303 0.00417039 0.62618 -0.475243 -1.00671 0.0209937 -0 -0 -0 -0 -0 3.83751 -0.827739 0.953606 1.12069 -4.263 0.829455 0.360769 -0.151279 -0.186702 0.0174713 1.71657 -0.739198 3.25935 -0.429779 0.603158 0.00397669 -0.115284 0.150305 0.0635484 -1.03674 0.048699 1.00839 0.0127749 -0.609482 -0.0644076 0.769839 -0.138219 -1.77757 -1.08861 2.57895 -0.237036 0.0934136 -0.175151 0.148423 -0.206558 -0 -2.62303 
64.3731
62.2881
0.0167935 -0.506429 0.458691 0.878448 0.00247588 0 0 0 0 0 -3.33008 0.747197 -0.771073 -0.948082 3.65806 -0.716604 -0.323288 0.0829613 0.054357 -0.016042 -1.48756 0.615566 -2.77825 0.358733 -0.446068 0.0636193 0.150331 -0.0632899 -0.00979691 0.945867 0.0156995 -0.815422 0.0128852 0.551235 0.0818413 -0.637052 0.109993 1.51234 0.974981 -2.23309 0.185719 -0.0917603 0.13944 -0.238599 0.0783594 8.1236e-05 2.03921 -0.0167935 0.506429 -0.458691 -0.878448 -0.00247588 0 0 0 0 0 3.33008 -0.747197 0.771073 0.948082 -3.65806 0.716604 0.323288 -0.0829613 -0.054357 0.016042 1.48756 -0.615566 2.77825 -0.358733 0.446068 -0.0636193 -0.150331 0.0632899 0.00979691 -0.945867 -0.0156995 0.815422 -0.0128852 -0.551235 -0.0818413 0.637052 -0.109993 -1.51234 -0.974981 2.23309 -0.185719 0.0917603 -0.13944 0.238599 -0.0783594 -8.1236e-05 -2.03921 
78.1228
27.156
0.125331 -0.0831012 0.368344 0.399736 0.119352 0 0 0 0 0 -1.39449 0.425912 -0.124475 -0.312441 1.46021 -0.270954 -0.166687 -0.133303 -0.335202 0.0156761 -0.513679 0.285495 -0.861029 0.224057 0.10213 0.276193 0.248431 0.22131 0.159633 0.571794 0.217848 -0.135279 0.100412 0.323198 0.135016 -0.1557 0.12474 0.651737 0.678378 -0.822195 0.00475051 -0.073879 0.0259935 -0.460132 -0.299466 0.00037625 0.055918 -0.125331 0.0831012 -0.368344 -0.399736 -0.119352 0 0 0 0 0 1.39449 -0.425912 0.124475 0.312441 -1.46021 0.270954 0.166687 0.133303 0.335202 -0.0156761 0.513679 -0.285495 0.861029 -0.224057 -0.10213 -0.276193 -0.248431 -0.22131 -0.159633 -0.571794 -0.217848 0.135279 -0.100412 -0.323198 -0.135016 0.1557 -0.12474 -0.651737 -0.678378 0.822195 -0.00475051 0.073879 -0.0259935 0.460132 0.299466 -0.00037625 -0.055918 
93.4317
15.1073
0.260459 -0.134489 -0.0839958 0.0251628 0.250106 0 0 0 0 0 -0.324415 0.00377626 -0.249215 -0.166591 0.511963 0.160146 -0.0608163 -0.168719 -0.0591981 0.245601 -0.0806459 0.0895408 -0.0126687 0.116617 -0.0627242 -0.05535 -0.0807132 -0.0600503 -0.195887 -0.0810381 -0.167817 -0.268182 -0.0371961 0.0594397 0.00348706 -0.0719514 0.0742944 0.17389 0.419113 -0.206178 -0.0527103 -0.042012 -0.0229411 -0.0487363 -0.0502583 0.000363658 -0.0765626 -0.260459 0.134489 0.0839958 -0.0251628 -0.250106 0 0 0 0 0 0.324415 -0.00377626 0.249215 0.166591 -0.511963 -0.160146 0.0608163 0.168719 0.0591981 -0.245601 0.0806459 -0.0895408 0.0126687 -0.116617 0.0627242 0.05535 0.0807132 0.0600503 0.195887 0.0810381 0.167817 0.268182 0.0371961 -0.0594397 -0.00348706 0.0719514 -0.0742944 -0.17389 -0.419113 0.206178 0.0527103 0.042012 0.0229411 0.0487363 0.0502583 -0.000363658 0.0765626 
95.8784
8.63204
0.173037 -0.100098 0.14206 0.169827 0.166265 0 0 0 0 0 -0.677318 0.155577 -0.124561 -0.190369 0.795691 -0.00221058 -0.06949 -0.0729281 -0.0538057 0.146562 -0.216236 0.14418 -0.356871 0.129418 0.00211241 0.0639752 0.038368 0.0426981 0.00303861 0.202148 0.0256951 -0.15348 0.0255223 0.150279 0.0532064 -0.0919236 0.100918 0.32145 0.429628 -0.419814 -0.0104532 -0.0336598 0.0188983 -0.0762794 -0.0403167 0.000359818 0.141919 -0.173037 0.100098 -0.14206 -0.169827 -0.166265 0 0 0 0 0 0.677318 -0.155577 0.124561 0.190369 -0.795691 0.00221058 0.06949 0.0729281 0.0538057 -0.146562 0.216236 -0.14418 0.356871 -0.129418 -0.00211241 -0.0639752 -0.038368 -0.0426981 -0.00303861 -0.202148 -0.0256951 0.15348 -0.0255223 -0.150279 -0.0532064 0.0919236 -0.100918 -0.32145 -0.429628 0.419814 0.0104532 0.0336598 -0.0188983 0.0762794 0.0403167 -0.000359818 -0.141919 
725.303
3.29116
0.173076 -0.0781754 0.12616 0.133729 0.166749 0 0 0 0 0 -0.563262 0.130018 -0.0935384 -0.154938 0.6457 0.0196123 -0.0680765 -0.0991111 -0.0972708 0.141942 -0.180256 0.0999987 -0.257176 0.0983993 0.0298601 0.0710424 0.0390362 0.054792 0.00390048 0.169623 0.0299204 -0.118322 0.0259315 0.132799 0.0535482 -0.064007 0.0756163 0.243492 0.387968 -0.35225 -0.0255168 -0.0369619 0.00585934 -0.113212 -0.0827066 0.00037684 -0.0281782 -0.173076 0.0781754 -0.12616 -0.133729 -0.166749 0 0 0 0 0 0.563262 -0.130018 0.0935384 0.154938 -0.6457 -0.0196123 0.0680765 0.0991111 0.0972708 -0.141942 0.180256 -0.0999987 0.257176 -0.0983993 -0.0298601 -0.0710424 -0.0390362 -0.054792 -0.00390048 -0.169623 -0.0299204 0.118322 -0.0259315 -0.132799 -0.0535482 0.064007 -0.0756163 -0.243492 -0.387968 0.35225 0.0255168 0.0369619 -0.00585934 0.113212 0.0827066 -0.00037684 0.0281782 
10873
1.87274
0.165875 -0.0774309 0.117047 0.122358 0.159579 0 0 0 0 0 -0.546124 0.120424 -0.092547 -0.150711 0.60532 0.0187729 -0.0687819 -0.102909 -0.102556 0.135362 -0.18047 0.0804563 -0.250612 0.0821123 0.0285665 0.0654498 0.033413 0.0506297 -0.00202967 0.156587 0.0249395 -0.116573 0.0221161 0.126125 0.0506879 -0.0608468 0.0619575 0.216266 0.363236 -0.347531 -0.0284028 -0.0379545 0.00261077 -0.117355 -0.0886455 0.000378912 -0.0694895 -0.165875 0.0774309 -0.117047 -0.122358 -0.159579 0 0 0 0 0 0.546124 -0.120424 0.092547 0.150711 -0.60532 -0.0187729 0.0687819 0.102909 0.102556 -0.135362 0.18047 -0.0804563 0.250612 -0.0821123 -0.0285665 -0.0654498 -0.033413 -0.0506297 0.00202967 -0.156587 -0.0249395 0.116573 -0.0221161 -0.126125 -0.0506879 0.0608468 -0.0619575 -0.216266 -0.363236 0.347531 0.0284028 0.0379545 -0.00261077 0.117355 0.0886455 -0.000378912 0.0694895 
11650
1.17536
0.161482 -0.0927324 0.100815 0.119253 0.154794 0 0 0 0 0 -0.563653 0.110937 -0.115996 -0.163829 0.621541 0.017805 -0.0685706 -0.0943351 -0.0757493 0.137823 -0.193217 0.0765709 -0.280253 0.0764775 0.003394 0.0429903 0.0150376 0.0283401 -0.0218309 0.139914 0.00306706 -0.141723 0.0125111 0.120503 0.0425731 -0.072285 0.0565418 0.215646 0.350349 -0.367253 -0.0247982 -0.0367329 0.00446155 -0.0896748 -0.0639188 0.000369634 -0.0199853 -0.161461 0.0927448 -0.100794 -0.119207 -0.154772 0 0 0 0 0 0.563672 -0.110926 0.11602 0.163876 -0.621519 -0.0178085 0.0685647 0.094344 0.0757864 -0.137826 0.193279 -0.076505 0.280304 -0.0764273 -0.00334605 -0.0429537 -0.0150326 -0.0283119 0.0218872 -0.139874 -0.00304627 0.141758 -0.0124751 -0.120485 -0.0425436 0.0723031 -0.0564739 -0.215577 -0.350292 0.36731 0.0247946 0.0367257 -0.00446159 0.0897529 0.0639721 -0.000369637 0.0201065 
13689.2
-0.00371961
0.134091 -0.0981947 0.105079 0.112063 0.127693 0 0 0 0 0 -0.561464 0.0977874 -0.105119 -0.162176 0.582177 0.00788524 -0.0566917 -0.0568451 -0.0172729 0.123777 -0.189921 0.0592323 -0.31234 0.0573745 -0.0152491 0.0216636 -0.00243805 0.00868725 -0.0163975 0.135733 0.00264161 -0.136405 0.0062128 0.109383 0.0341215 -0.0767582 0.0525424 0.192765 0.295654 -0.3722 -0.0155293 -0.028409 0.0135817 -0.0242013 -0.00981106 0.000363813 0.0513659 -0.134065 0.0982253 -0.105028 -0.112147 -0.127671 0 0 0 0 0 0.562031 -0.0977786 0.105126 0.162079 -0.581611 -0.00781353 0.0567629 0.0569875 0.0174033 -0.123706 0.190217 -0.0588483 0.312749 -0.0569707 0.0152138 -0.0216741 0.00242381 -0.00872577 0.0164338 -0.135664 -0.00259141 0.13647 -0.00630291 -0.109435 -0.0341898 0.0767042 -0.0522472 -0.192394 -0.295234 0.372596 0.0155438 0.0284187 -0.0135269 0.0244274 0.00999751 -0.00036383 -0.050807 
14792
-0.82616
0.107319 -0.0849415 0.0944478 0.0714256 0.101588 0 0 0 0 0 -0.447386 0.058246 -0.064995 -0.12692 0.404657 0.0224109 -0.0356893 -0.0286372 0.0286628 0.109163 -0.135596 0.012617 -0.244156 0.0207921 -0.0130284 0.00114492 -0.0240609 -0.00533442 -0.0106921 0.0984263 0.00371333 -0.100431 -0.000282383 0.0800648 0.0243808 -0.0565719 0.0414601 0.108016 0.206606 -0.30189 -0.0161217 -0.018754 0.0159122 0.0394668 0.0312804 0.000372489 0.0127929 -0.107305 0.0849869 -0.094317 -0.0715688 -0.101581 0 0 0 0 0 0.448369 -0.0582333 0.0650552 0.126749 -0.403674 -0.0223178 0.035826 0.0289581 -0.0284031 -0.109071 0.136293 -0.011778 0.245035 -0.0199032 0.0130029 -0.00112091 0.0240734 0.00529313 0.0108208 -0.0982624 -0.00359696 0.100586 0.000121366 -0.0801469 -0.0244915 0.0564829 -0.0407638 -0.107191 -0.205706 0.302778 0.0161535 0.0187713 -0.0158039 -0.0390211 -0.0308729 -0.00037254 -0.0116926 
16782.4
-0.937297
0.0994556 -0.0442313 0.0596228 -0.0117528 0.0946319 0 0 0 0 0 -0.166535 -0.0138747 0.00915443 -0.0451016 0.0617575 0.0837572 -0.00167371 -0.022538 0.049168 0.108137 0.00615563 -0.0489858 -0.00378086 -0.0141128 0.0235708 -0.0122093 -0.0465087 -0.006197 -0.00896528 0.013239 0.00328564 -0.0271928 -0.00432961 0.0288822 0.0152002 -0.00114665 0.0393902 -0.0352869 0.110833 -0.106536 -0.0320815 -0.0077431 0.00802329 0.0925052 0.0476617 0.000402701 -0.167897 -0.0994688 0.0442731 -0.0594196 0.0115617 -0.094655 0 0 0 0 0 0.167825 0.0138788 -0.00903374 0.0448746 -0.0604657 -0.0836681 0.00183785 0.0230233 -0.0487546 -0.108049 -0.00506762 0.0502371 0.00510669 0.015457 -0.0235686 0.0122918 0.0465671 0.00617826 0.00918944 -0.0129732 -0.00309182 0.0274418 0.00411455 -0.0289816 -0.0153379 0.00103668 -0.0382954 0.0365369 -0.109473 0.107897 0.0321219 0.00775158 -0.00786321 -0.0918432 -0.0470395 -0.000402794 0.169506 
39042.7
-1.34894
0.0878177 -0.0559722 0.0815527 0.0248911 0.0828108 0 0 0 0 0 -0.283837 0.0202312 -0.0122057 -0.0754323 0.196472 0.0440588 -0.0146661 -0.0182802 0.0383562 0.093609 -0.0522468 -0.0229455 -0.111717 0.000619839 0.0137521 -0.000619123 -0.0311415 4.87803e-05 0.000496468 0.0581061 0.0131808 -0.046914 -0.000236151 0.0509759 0.0202429 -0.0224123 0.0402602 0.0245313 0.139757 -0.184122 -0.0235832 -0.0109167 0.0131205 0.0675642 0.0384915 0.000391248 -0.0970094 -0.0878292 0.0559513 -0.0813079 -0.025116 -0.082831 0 0 0 0 0 0.284788 -0.0202777 0.0123719 0.0751863 -0.195522 -0.0441637 0.0146788 0.0189141 -0.037863 -0.0937153 0.0533414 0.0244756 0.113121 0.000938939 -0.0136686 0.000776269 0.0311757 1.06582e-05 -0.00010857 -0.057721 -0.0129726 0.0472866 -1.40349e-05 -0.0510842 -0.020374 0.0223043 -0.0391385 -0.0229795 -0.138295 0.185764 0.0235962 0.0108508 -0.0129746 -0.066748 -0.0378343 -0.00039144 0.09914 
49034.8
-1.9538
0.0177173 -0.052736 0.0733984 0.0299764 0.012614 0 0 0 0 0 -0.285398 0.0332333 -0.0289833 -0.0879789 0.248128 -0.0256413 -0.0160673 0.00511282 0.0313903 0.0291031 -0.0695606 0.00199749 -0.169307 0.0263967 0.000347959 -0.00290022 -0.0244057 -0.00446406 -0.00288373 0.0638497 0.00753182 -0.0571911 -0.00733674 0.0464758 0.00940935 -0.0375428 0.0384144 0.0601624 0.114863 -0.17552 -0.012368 -0.00483142 0.0205353 0.0535537 0.0303306 0.000419842 -0.0619658 -0.0198361 0.0530468 -0.0751327 -0.0313348 -0.0147807 0 0 0 0 0 0.285455 -0.0333204 0.0271244 0.0868246 -0.248062 0.0241526 0.0161386 -0.00120629 -0.0318615 -0.0305997 0.075771 0.00376832 0.174127 -0.0189942 0.000233787 0.00320492 0.0244227 0.00458682 0.00164865 -0.0651384 -0.00989533 0.055604 0.00693682 -0.0466499 -0.0102237 0.0373213 -0.0326797 -0.0540471 -0.109483 0.183095 0.0124293 0.00530311 -0.0184415 -0.0510827 -0.029845 -0.000373783 0.0671004 
